<?xml version="1.0" encoding="UTF-8"?>
<testng-results skipped="0" failed="1" total="1" passed="0">
  <reporter-output>
  </reporter-output>
  <suite name="Default suite" duration-ms="40375" started-at="2021-03-11T05:02:52Z" finished-at="2021-03-11T05:03:33Z">
    <groups>
    </groups>
    <test name="Default test" duration-ms="40375" started-at="2021-03-11T05:02:52Z" finished-at="2021-03-11T05:03:33Z">
      <class name="com.abc.generalstore.TC_01">
        <test-method status="PASS" signature="startserver()[pri:0, instance:com.abc.generalstore.TC_01@24b1d79b]" name="startserver" is-config="true" duration-ms="2304" started-at="2021-03-11T10:32:50Z" finished-at="2021-03-11T10:32:52Z">
          <reporter-output>
          </reporter-output>
        </test-method> <!-- startserver -->
        <test-method status="PASS" signature="launch()[pri:0, instance:com.abc.generalstore.TC_01@24b1d79b]" name="launch" is-config="true" duration-ms="17175" started-at="2021-03-11T10:32:52Z" finished-at="2021-03-11T10:33:10Z">
          <reporter-output>
          </reporter-output>
        </test-method> <!-- launch -->
        <test-method status="FAIL" signature="tc_01()[pri:0, instance:com.abc.generalstore.TC_01@24b1d79b]" name="tc_01" duration-ms="22998" started-at="2021-03-11T10:33:10Z" finished-at="2021-03-11T10:33:33Z">
          <exception class="org.openqa.selenium.NoSuchElementException">
            <message>
              <![CDATA[An element could not be located on the page using the given search parameters. (WARNING: The server did not provide any stacktrace information)
Command duration or timeout: 12.90 seconds
For documentation on this error, please visit: http://seleniumhq.org/exceptions/no_such_element.html
Build info: version: '2.53.1', revision: 'a36b8b1cd5757287168e54b817830adce9b0158d', time: '2016-06-30 19:26:09'
System info: host: 'DESKTOP-40KB4FT', ip: '192.168.227.1', os.name: 'Windows 10', os.arch: 'amd64', os.version: '10.0', java.version: '1.8.0_271'
Driver info: io.appium.java_client.android.AndroidDriver
Capabilities [{appPackage=com.androidsample.generalstore, statBarHeight=55, noReset=true, viewportRect={top=55, left=0, width=720, height=1314}, deviceName=0ff8f25c0806, UDID=0ff8f25c0806, platform=LINUX, deviceUDID=0ff8f25c0806, desired={appPackage=com.androidsample.generalstore, appActivity=.SplashActivity, noReset=true, platformVersion=9.0, automationName=Appium, platformName=Android, deviceName=null, UDID=0ff8f25c0806}, platformVersion=9, webStorageEnabled=false, automationName=Appium, takesScreenshot=true, javascriptEnabled=true, platformName=Android, deviceApiLevel=28, deviceManufacturer=Xiaomi, deviceScreenSize=720x1520, networkConnectionEnabled=true, warnings={}, databaseEnabled=false, appActivity=.SplashActivity, pixelRatio=2, locationContextEnabled=false, deviceScreenDensity=320, deviceModel=Redmi 8A Dual}]
Session ID: c4c912e9-fda9-4e45-9bc5-db290c471961
*** Element info: {Using=-android uiautomator, value=new UiScrollable(new UiSelector()).scrollIntoView(text("India"))}]]>
            </message>
            <full-stacktrace>
              <![CDATA[org.openqa.selenium.NoSuchElementException: An element could not be located on the page using the given search parameters. (WARNING: The server did not provide any stacktrace information)
Command duration or timeout: 12.90 seconds
For documentation on this error, please visit: http://seleniumhq.org/exceptions/no_such_element.html
Build info: version: '2.53.1', revision: 'a36b8b1cd5757287168e54b817830adce9b0158d', time: '2016-06-30 19:26:09'
System info: host: 'DESKTOP-40KB4FT', ip: '192.168.227.1', os.name: 'Windows 10', os.arch: 'amd64', os.version: '10.0', java.version: '1.8.0_271'
Driver info: io.appium.java_client.android.AndroidDriver
Capabilities [{appPackage=com.androidsample.generalstore, statBarHeight=55, noReset=true, viewportRect={top=55, left=0, width=720, height=1314}, deviceName=0ff8f25c0806, UDID=0ff8f25c0806, platform=LINUX, deviceUDID=0ff8f25c0806, desired={appPackage=com.androidsample.generalstore, appActivity=.SplashActivity, noReset=true, platformVersion=9.0, automationName=Appium, platformName=Android, deviceName=null, UDID=0ff8f25c0806}, platformVersion=9, webStorageEnabled=false, automationName=Appium, takesScreenshot=true, javascriptEnabled=true, platformName=Android, deviceApiLevel=28, deviceManufacturer=Xiaomi, deviceScreenSize=720x1520, networkConnectionEnabled=true, warnings={}, databaseEnabled=false, appActivity=.SplashActivity, pixelRatio=2, locationContextEnabled=false, deviceScreenDensity=320, deviceModel=Redmi 8A Dual}]
Session ID: c4c912e9-fda9-4e45-9bc5-db290c471961
*** Element info: {Using=-android uiautomator, value=new UiScrollable(new UiSelector()).scrollIntoView(text("India"))}
	at sun.reflect.NativeConstructorAccessorImpl.newInstance0(Native Method)
	at sun.reflect.NativeConstructorAccessorImpl.newInstance(Unknown Source)
	at sun.reflect.DelegatingConstructorAccessorImpl.newInstance(Unknown Source)
	at java.lang.reflect.Constructor.newInstance(Unknown Source)
	at org.openqa.selenium.remote.ErrorHandler.createThrowable(ErrorHandler.java:206)
	at org.openqa.selenium.remote.ErrorHandler.throwIfResponseFailed(ErrorHandler.java:158)
	at org.openqa.selenium.remote.RemoteWebDriver.execute(RemoteWebDriver.java:678)
	at io.appium.java_client.DefaultGenericMobileDriver.execute(DefaultGenericMobileDriver.java:40)
	at io.appium.java_client.AppiumDriver.execute(AppiumDriver.java:1)
	at io.appium.java_client.android.AndroidDriver.execute(AndroidDriver.java:1)
	at org.openqa.selenium.remote.RemoteWebDriver.findElement(RemoteWebDriver.java:363)
	at io.appium.java_client.DefaultGenericMobileDriver.findElement(DefaultGenericMobileDriver.java:56)
	at io.appium.java_client.AppiumDriver.findElement(AppiumDriver.java:1)
	at io.appium.java_client.android.AndroidDriver.findElement(AndroidDriver.java:1)
	at io.appium.java_client.android.AndroidDriver.findElementByAndroidUIAutomator(AndroidDriver.java:365)
	at com.appium.generic.MobileActions.scrolling(MobileActions.java:35)
	at com.abc.generalstore.objectrepository.Login.logintoapp(Login.java:59)
	at com.abc.generalstore.TC_01.tc_01(TC_01.java:16)
	at sun.reflect.NativeMethodAccessorImpl.invoke0(Native Method)
	at sun.reflect.NativeMethodAccessorImpl.invoke(Unknown Source)
	at sun.reflect.DelegatingMethodAccessorImpl.invoke(Unknown Source)
	at java.lang.reflect.Method.invoke(Unknown Source)
	at org.testng.internal.MethodInvocationHelper.invokeMethod(MethodInvocationHelper.java:100)
	at org.testng.internal.Invoker.invokeMethod(Invoker.java:646)
	at org.testng.internal.Invoker.invokeTestMethod(Invoker.java:811)
	at org.testng.internal.Invoker.invokeTestMethods(Invoker.java:1129)
	at org.testng.internal.TestMethodWorker.invokeTestMethods(TestMethodWorker.java:129)
	at org.testng.internal.TestMethodWorker.run(TestMethodWorker.java:112)
	at org.testng.TestRunner.privateRun(TestRunner.java:746)
	at org.testng.TestRunner.run(TestRunner.java:600)
	at org.testng.SuiteRunner.runTest(SuiteRunner.java:366)
	at org.testng.SuiteRunner.runSequentially(SuiteRunner.java:361)
	at org.testng.SuiteRunner.privateRun(SuiteRunner.java:319)
	at org.testng.SuiteRunner.run(SuiteRunner.java:268)
	at org.testng.SuiteRunnerWorker.runSuite(SuiteRunnerWorker.java:52)
	at org.testng.SuiteRunnerWorker.run(SuiteRunnerWorker.java:86)
	at org.testng.TestNG.runSuitesSequentially(TestNG.java:1264)
	at org.testng.TestNG.runSuitesLocally(TestNG.java:1189)
	at org.testng.TestNG.runSuites(TestNG.java:1104)
	at org.testng.TestNG.run(TestNG.java:1076)
	at org.testng.remote.AbstractRemoteTestNG.run(AbstractRemoteTestNG.java:126)
	at org.testng.remote.RemoteTestNG.initAndRun(RemoteTestNG.java:152)
	at org.testng.remote.RemoteTestNG.main(RemoteTestNG.java:57)
]]>
            </full-stacktrace>
          </exception> <!-- org.openqa.selenium.NoSuchElementException -->
          <reporter-output>
          </reporter-output>
        </test-method> <!-- tc_01 -->
        <test-method status="PASS" signature="closeapp()[pri:0, instance:com.abc.generalstore.TC_01@24b1d79b]" name="closeapp" is-config="true" duration-ms="185" started-at="2021-03-11T10:33:33Z" finished-at="2021-03-11T10:33:33Z">
          <reporter-output>
          </reporter-output>
        </test-method> <!-- closeapp -->
        <test-method status="PASS" signature="stopserver()[pri:0, instance:com.abc.generalstore.TC_01@24b1d79b]" name="stopserver" is-config="true" duration-ms="181" started-at="2021-03-11T10:33:33Z" finished-at="2021-03-11T10:33:33Z">
          <reporter-output>
          </reporter-output>
        </test-method> <!-- stopserver -->
      </class> <!-- com.abc.generalstore.TC_01 -->
    </test> <!-- Default test -->
  </suite> <!-- Default suite -->
</testng-results>
